<?xml version="1.0" encoding="UTF-8"?>
<!-- Generated by org.testng.reporters.JUnitReportReporter -->
<testsuite hostname="Ashok-PC" name="com.alt.sundaykart.automation.testcases.HomePageTestCases" tests="1" failures="0" timestamp="15 Oct 2016 14:52:07 GMT" time="11.502" errors="0">
  <testcase name="loginToSundaykart" time="11.502" classname="com.alt.sundaykart.automation.testcases.HomePageTestCases"/>
</testsuite> <!-- com.alt.sundaykart.automation.testcases.HomePageTestCases -->
